Testsuite: model.common.ModelFacadeTest
Tests run: 5, Failures: 1, Errors: 2, Time elapsed: 0.159 sec
------------- Standard Error -----------------
java.lang.ClassCastException: java.lang.String cannot be cast to java.lang.Number
	at model.common.operator.OperatorFactory$EqualToNumberOperator.execute(OperatorFactory.java:74)
	at model.common.Vault.linearSearch(Vault.java:135)
	at model.common.Vault.findAllPrivateCall(Vault.java:101)
	at model.product.ProductVault.findAll(ProductVault.java:53)
	at model.common.ModelFacade.AddItem(ModelFacade.java:73)
	at model.common.ModelFacadeTest.testAddItem(ModelFacadeTest.java:190)
	at sun.reflect.NativeMethodAccessorImpl.invoke0(Native Method)
	at sun.reflect.NativeMethodAccessorImpl.invoke(NativeMethodAccessorImpl.java:57)
	at sun.reflect.DelegatingMethodAccessorImpl.invoke(DelegatingMethodAccessorImpl.java:43)
	at java.lang.reflect.Method.invoke(Method.java:601)
	at org.junit.runners.model.FrameworkMethod$1.runReflectiveCall(FrameworkMethod.java:44)
	at org.junit.internal.runners.model.ReflectiveCallable.run(ReflectiveCallable.java:15)
	at org.junit.runners.model.FrameworkMethod.invokeExplosively(FrameworkMethod.java:41)
	at org.junit.internal.runners.statements.InvokeMethod.evaluate(InvokeMethod.java:20)
	at org.junit.internal.runners.statements.RunBefores.evaluate(RunBefores.java:28)
	at org.junit.internal.runners.statements.RunAfters.evaluate(RunAfters.java:31)
	at org.junit.runners.BlockJUnit4ClassRunner.runNotIgnored(BlockJUnit4ClassRunner.java:79)
	at org.junit.runners.BlockJUnit4ClassRunner.runChild(BlockJUnit4ClassRunner.java:71)
	at org.junit.runners.BlockJUnit4ClassRunner.runChild(BlockJUnit4ClassRunner.java:49)
	at org.junit.runners.ParentRunner$3.run(ParentRunner.java:193)
	at org.junit.runners.ParentRunner$1.schedule(ParentRunner.java:52)
	at org.junit.runners.ParentRunner.runChildren(ParentRunner.java:191)
	at org.junit.runners.ParentRunner.access$000(ParentRunner.java:42)
	at org.junit.runners.ParentRunner$2.evaluate(ParentRunner.java:184)
	at org.junit.runners.ParentRunner.run(ParentRunner.java:236)
	at junit.framework.JUnit4TestAdapter.run(JUnit4TestAdapter.java:39)
	at org.apache.tools.ant.taskdefs.optional.junit.JUnitTestRunner.run(JUnitTestRunner.java:518)
	at org.apache.tools.ant.taskdefs.optional.junit.JUnitTestRunner.launch(JUnitTestRunner.java:1052)
	at org.apache.tools.ant.taskdefs.optional.junit.JUnitTestRunner.main(JUnitTestRunner.java:906)
java.lang.ClassCastException: java.lang.String cannot be cast to java.lang.Number
	at model.common.operator.OperatorFactory$EqualToNumberOperator.execute(OperatorFactory.java:74)
	at model.common.Vault.linearSearch(Vault.java:135)
	at model.common.Vault.findAllPrivateCall(Vault.java:101)
	at model.item.ItemVault.findAll(ItemVault.java:60)
	at model.product.Product.isDeleteable(Product.java:301)
	at model.common.ModelFacade.DeleteProduct(ModelFacade.java:171)
	at model.common.ModelFacadeTest.testDeleteProduct(ModelFacadeTest.java:226)
	at sun.reflect.NativeMethodAccessorImpl.invoke0(Native Method)
	at sun.reflect.NativeMethodAccessorImpl.invoke(NativeMethodAccessorImpl.java:57)
	at sun.reflect.DelegatingMethodAccessorImpl.invoke(DelegatingMethodAccessorImpl.java:43)
	at java.lang.reflect.Method.invoke(Method.java:601)
	at org.junit.runners.model.FrameworkMethod$1.runReflectiveCall(FrameworkMethod.java:44)
	at org.junit.internal.runners.model.ReflectiveCallable.run(ReflectiveCallable.java:15)
	at org.junit.runners.model.FrameworkMethod.invokeExplosively(FrameworkMethod.java:41)
	at org.junit.internal.runners.statements.InvokeMethod.evaluate(InvokeMethod.java:20)
	at org.junit.internal.runners.statements.RunBefores.evaluate(RunBefores.java:28)
	at org.junit.internal.runners.statements.RunAfters.evaluate(RunAfters.java:31)
	at org.junit.runners.BlockJUnit4ClassRunner.runNotIgnored(BlockJUnit4ClassRunner.java:79)
	at org.junit.runners.BlockJUnit4ClassRunner.runChild(BlockJUnit4ClassRunner.java:71)
	at org.junit.runners.BlockJUnit4ClassRunner.runChild(BlockJUnit4ClassRunner.java:49)
	at org.junit.runners.ParentRunner$3.run(ParentRunner.java:193)
	at org.junit.runners.ParentRunner$1.schedule(ParentRunner.java:52)
	at org.junit.runners.ParentRunner.runChildren(ParentRunner.java:191)
	at org.junit.runners.ParentRunner.access$000(ParentRunner.java:42)
	at org.junit.runners.ParentRunner$2.evaluate(ParentRunner.java:184)
	at org.junit.runners.ParentRunner.run(ParentRunner.java:236)
	at junit.framework.JUnit4TestAdapter.run(JUnit4TestAdapter.java:39)
	at org.apache.tools.ant.taskdefs.optional.junit.JUnitTestRunner.run(JUnitTestRunner.java:518)
	at org.apache.tools.ant.taskdefs.optional.junit.JUnitTestRunner.launch(JUnitTestRunner.java:1052)
	at org.apache.tools.ant.taskdefs.optional.junit.JUnitTestRunner.main(JUnitTestRunner.java:906)
------------- ---------------- ---------------

Testcase: testAddItem took 0.117 sec
	Caused an ERROR
null
java.lang.NullPointerException
	at model.common.ModelFacade.AddItem(ModelFacade.java:75)
	at model.common.ModelFacadeTest.testAddItem(ModelFacadeTest.java:190)

Testcase: testMoveItem took 0.011 sec
	FAILED
expected:<6> but was:<0>
junit.framework.AssertionFailedError: expected:<6> but was:<0>
	at model.common.ModelFacadeTest.testMoveItem(ModelFacadeTest.java:204)

Testcase: testRemoveItem took 0.005 sec
Testcase: testMoveProduct took 0.006 sec
Testcase: testDeleteProduct took 0.005 sec
	Caused an ERROR
null
java.lang.NullPointerException
	at model.product.Product.isDeleteable(Product.java:302)
	at model.common.ModelFacade.DeleteProduct(ModelFacade.java:171)
	at model.common.ModelFacadeTest.testDeleteProduct(ModelFacadeTest.java:226)

